<?xml version="1.0" encoding="UTF-8"?>
<robot generator="Robot 7.3.2 (Python 3.13.5 on win32)" generated="2025-08-27T14:20:50.928530" rpa="false" schemaversion="5">
<suite id="s1" name="Inventory" source="C:\Users\caio.gilles\Desktop\projeto-automacao\tests\ui\inventory.robot">
<kw name="Abrir Navegador e Acessar a Página de Login" owner="keywords" type="SETUP">
<kw name="Evaluate" owner="BuiltIn">
<msg time="2025-08-27T14:20:51.146483" level="INFO">${options} = &lt;selenium.webdriver.chrome.options.Options object at 0x0000021F1BF957F0&gt;</msg>
<var>${options}</var>
<arg>sys.modules['selenium.webdriver'].ChromeOptions()</arg>
<arg>sys</arg>
<doc>Evaluates the given expression in Python and returns the result.</doc>
<status status="PASS" start="2025-08-27T14:20:51.146279" elapsed="0.000230"/>
</kw>
<kw name="Evaluate" owner="BuiltIn">
<msg time="2025-08-27T14:20:51.147749" level="INFO">${tmpdir} = C:\Users\CAIO~1.GIL\AppData\Local\Temp\tmpumgo47t8</msg>
<var>${tmpdir}</var>
<arg>__import__('tempfile').mkdtemp()</arg>
<doc>Evaluates the given expression in Python and returns the result.</doc>
<status status="PASS" start="2025-08-27T14:20:51.146597" elapsed="0.001186"/>
</kw>
<kw name="Set Variable" owner="BuiltIn">
<msg time="2025-08-27T14:20:51.147957" level="INFO">${headless} = --headless=new</msg>
<var>${headless}</var>
<arg>--headless=new</arg>
<doc>Returns the given values which can then be assigned to a variables.</doc>
<status status="PASS" start="2025-08-27T14:20:51.147870" elapsed="0.000102"/>
</kw>
<kw name="Set Variable" owner="BuiltIn">
<msg time="2025-08-27T14:20:51.148128" level="INFO">${userdatadir} = --user-data-dir=C:\Users\CAIO~1.GIL\AppData\Local\Temp\tmpumgo47t8</msg>
<var>${userdatadir}</var>
<arg>--user-data-dir=${tmpdir}</arg>
<doc>Returns the given values which can then be assigned to a variables.</doc>
<status status="PASS" start="2025-08-27T14:20:51.148028" elapsed="0.000158"/>
</kw>
<kw name="Run Keyword If" owner="BuiltIn">
<arg>'${HEADLESS}'=='${TRUE}'</arg>
<arg>Call Method</arg>
<arg>${options}</arg>
<arg>add_argument</arg>
<arg>${headless}</arg>
<doc>Runs the given keyword with the given arguments, if ``condition`` is true.</doc>
<status status="PASS" start="2025-08-27T14:20:51.148258" elapsed="0.000252"/>
</kw>
<kw name="Call Method" owner="BuiltIn">
<arg>${options}</arg>
<arg>add_argument</arg>
<arg>--no-sandbox</arg>
<doc>Calls the named method of the given object with the provided arguments.</doc>
<status status="PASS" start="2025-08-27T14:20:51.148640" elapsed="0.000099"/>
</kw>
<kw name="Call Method" owner="BuiltIn">
<arg>${options}</arg>
<arg>add_argument</arg>
<arg>--disable-dev-shm-usage</arg>
<doc>Calls the named method of the given object with the provided arguments.</doc>
<status status="PASS" start="2025-08-27T14:20:51.148802" elapsed="0.000066"/>
</kw>
<kw name="Call Method" owner="BuiltIn">
<arg>${options}</arg>
<arg>add_argument</arg>
<arg>${userdatadir}</arg>
<doc>Calls the named method of the given object with the provided arguments.</doc>
<status status="PASS" start="2025-08-27T14:20:51.148917" elapsed="0.000067"/>
</kw>
<kw name="Create Webdriver" owner="SeleniumLibrary">
<msg time="2025-08-27T14:20:51.149139" level="INFO">Creating an instance of the Chrome WebDriver.</msg>
<arg>Chrome</arg>
<arg>options=${options}</arg>
<doc>Creates an instance of Selenium WebDriver.</doc>
<status status="PASS" start="2025-08-27T14:20:51.149038" elapsed="1.899568"/>
</kw>
<kw name="Go To" owner="SeleniumLibrary">
<msg time="2025-08-27T14:20:53.049082" level="INFO">Opening url 'https://www.saucedemo.com/'</msg>
<arg>https://www.saucedemo.com/</arg>
<doc>Navigates the current browser window to the provided ``url``.</doc>
<status status="PASS" start="2025-08-27T14:20:53.048841" elapsed="1.960621"/>
</kw>
<kw name="Maximize Browser Window" owner="SeleniumLibrary">
<doc>Maximizes current browser window.</doc>
<status status="PASS" start="2025-08-27T14:20:55.009717" elapsed="0.049855"/>
</kw>
<kw name="Set Selenium Implicit Wait" owner="SeleniumLibrary">
<arg>5s</arg>
<doc>Sets the implicit wait value used by Selenium.</doc>
<status status="PASS" start="2025-08-27T14:20:55.059728" elapsed="0.001902"/>
</kw>
<kw name="Sleep" owner="BuiltIn">
<msg time="2025-08-27T14:21:00.062845" level="INFO">Slept 5 seconds.</msg>
<arg>${BROWSER_DELAY}</arg>
<doc>Pauses the test executed for the given time.</doc>
<status status="PASS" start="2025-08-27T14:20:55.062010" elapsed="5.001179"/>
</kw>
<status status="PASS" start="2025-08-27T14:20:51.145919" elapsed="8.917615"/>
</kw>
<test id="s1-t1" name="Cenário: Adicionar Produto ao Carrinho" line="20">
<kw name="Dado que o usuário está logado">
<kw name="Digitar Usuario" owner="login_page">
<kw name="Input Text" owner="SeleniumLibrary">
<msg time="2025-08-27T14:21:00.068006" level="INFO">Typing text 'standard_user' into text field 'id:user-name'.</msg>
<arg>${CAMPO_USUARIO}</arg>
<arg>${usuario}</arg>
<doc>Types the given ``text`` into the text field identified by ``locator``.</doc>
<status status="PASS" start="2025-08-27T14:21:00.066999" elapsed="0.130532"/>
</kw>
<arg>standard_user</arg>
<status status="PASS" start="2025-08-27T14:21:00.066267" elapsed="0.131388"/>
</kw>
<kw name="Digitar Senha" owner="login_page">
<kw name="Input Text" owner="SeleniumLibrary">
<msg time="2025-08-27T14:21:00.198670" level="INFO">Typing text 'secret_sauce' into text field 'id:password'.</msg>
<arg>${CAMPO_SENHA}</arg>
<arg>${senha}</arg>
<doc>Types the given ``text`` into the text field identified by ``locator``.</doc>
<status status="PASS" start="2025-08-27T14:21:00.198407" elapsed="0.088598"/>
</kw>
<arg>secret_sauce</arg>
<status status="PASS" start="2025-08-27T14:21:00.197909" elapsed="0.089271"/>
</kw>
<kw name="Clicar em Login" owner="login_page">
<kw name="Click Element" owner="SeleniumLibrary">
<msg time="2025-08-27T14:21:00.287993" level="INFO">Clicking element 'id:login-button'.</msg>
<arg>${BOTAO_LOGIN}</arg>
<doc>Click the element identified by ``locator``.</doc>
<status status="PASS" start="2025-08-27T14:21:00.287787" elapsed="0.098407"/>
</kw>
<status status="PASS" start="2025-08-27T14:21:00.287499" elapsed="0.098841"/>
</kw>
<kw name="Location Should Be" owner="SeleniumLibrary">
<msg time="2025-08-27T14:21:00.393417" level="INFO">Current location is 'https://www.saucedemo.com/inventory.html'.</msg>
<arg>https://www.saucedemo.com/inventory.html</arg>
<doc>Verifies that the current URL is exactly ``url``.</doc>
<status status="PASS" start="2025-08-27T14:21:00.386500" elapsed="0.007017"/>
</kw>
<kw name="A página de inventário deve estar visível" owner="inventory_page">
<kw name="Wait Until Page Contains" owner="SeleniumLibrary">
<arg>Products</arg>
<doc>Waits until ``text`` appears on the current page.</doc>
<status status="PASS" start="2025-08-27T14:21:00.393988" elapsed="0.014409"/>
</kw>
<status status="PASS" start="2025-08-27T14:21:00.393725" elapsed="0.014788"/>
</kw>
<kw name="Pausar Após Login" owner="keywords">
<kw name="Sleep" owner="BuiltIn">
<msg time="2025-08-27T14:21:15.409638" level="INFO">Slept 15 seconds.</msg>
<arg>${POST_LOGIN_DELAY}</arg>
<doc>Pauses the test executed for the given time.</doc>
<status status="PASS" start="2025-08-27T14:21:00.408957" elapsed="15.000873"/>
</kw>
<status status="PASS" start="2025-08-27T14:21:00.408703" elapsed="15.001298"/>
</kw>
<status status="PASS" start="2025-08-27T14:21:00.065464" elapsed="15.344642"/>
</kw>
<kw name="Adicionar Primeiro Produto ao Carrinho" owner="inventory_page">
<kw name="Wait Until Element Is Visible" owner="SeleniumLibrary">
<arg>${BOTAO_ADICIONAR_AO_CARRINHO}</arg>
<arg>20s</arg>
<doc>Waits until the element ``locator`` is visible.</doc>
<status status="PASS" start="2025-08-27T14:21:15.411215" elapsed="0.040107"/>
</kw>
<kw name="Scroll Element Into View" owner="SeleniumLibrary">
<arg>${BOTAO_ADICIONAR_AO_CARRINHO}</arg>
<doc>Scrolls the element identified by ``locator`` into view.</doc>
<status status="PASS" start="2025-08-27T14:21:15.451791" elapsed="0.287079"/>
</kw>
<kw name="Sleep" owner="BuiltIn">
<msg time="2025-08-27T14:21:17.740200" level="INFO">Slept 2 seconds.</msg>
<arg>2s</arg>
<doc>Pauses the test executed for the given time.</doc>
<status status="PASS" start="2025-08-27T14:21:15.739531" elapsed="2.000925"/>
</kw>
<kw name="Click Element" owner="SeleniumLibrary">
<msg time="2025-08-27T14:21:17.741358" level="INFO">Clicking element 'css:button[data-test="add-to-cart-sauce-labs-backpack"]'.</msg>
<arg>${BOTAO_ADICIONAR_AO_CARRINHO}</arg>
<doc>Click the element identified by ``locator``.</doc>
<status status="PASS" start="2025-08-27T14:21:17.740808" elapsed="0.044894"/>
</kw>
<kw name="Sleep" owner="BuiltIn">
<msg time="2025-08-27T14:21:18.786364" level="INFO">Slept 1 second.</msg>
<arg>1s</arg>
<doc>Pauses the test executed for the given time.</doc>
<status status="PASS" start="2025-08-27T14:21:17.785829" elapsed="1.000775"/>
</kw>
<kw name="Wait Until Page Contains Element" owner="SeleniumLibrary">
<arg>xpath://button[normalize-space()="Remove"]</arg>
<arg>20s</arg>
<doc>Waits until the element ``locator`` appears on the current page.</doc>
<status status="PASS" start="2025-08-27T14:21:18.786989" elapsed="0.016530"/>
</kw>
<status status="PASS" start="2025-08-27T14:21:15.410690" elapsed="3.392992"/>
</kw>
<kw name="Verificar Se o Produto Foi Adicionado ao Carrinho" owner="inventory_page">
<kw name="Wait Until Page Contains Element" owner="SeleniumLibrary">
<arg>${BADGE_CARRINHO}</arg>
<arg>20s</arg>
<doc>Waits until the element ``locator`` appears on the current page.</doc>
<status status="PASS" start="2025-08-27T14:21:18.804640" elapsed="0.007622"/>
</kw>
<kw name="Wait Until Keyword Succeeds" owner="BuiltIn">
<kw name="Element Text Should Be" owner="SeleniumLibrary">
<msg time="2025-08-27T14:21:18.813037" level="INFO">Verifying element 'css:.shopping_cart_badge' contains exact text '1'.</msg>
<arg>${BADGE_CARRINHO}</arg>
<arg>${quantidade}</arg>
<doc>Verifies that element ``locator`` contains exact the text ``expected``.</doc>
<status status="PASS" start="2025-08-27T14:21:18.812686" elapsed="0.028689"/>
</kw>
<arg>10x</arg>
<arg>1s</arg>
<arg>Element Text Should Be</arg>
<arg>${BADGE_CARRINHO}</arg>
<arg>${quantidade}</arg>
<doc>Runs the specified keyword and retries if it fails.</doc>
<status status="PASS" start="2025-08-27T14:21:18.812468" elapsed="0.029010"/>
</kw>
<arg>1</arg>
<status status="PASS" start="2025-08-27T14:21:18.804253" elapsed="0.037308"/>
</kw>
<tag>cart</tag>
<tag>regression</tag>
<status status="PASS" start="2025-08-27T14:21:00.063812" elapsed="18.778739"/>
</test>
<kw name="Fechar Navegador" owner="keywords" type="TEARDOWN">
<kw name="Close Browser" owner="SeleniumLibrary">
<doc>Closes the current browser.</doc>
<status status="PASS" start="2025-08-27T14:21:18.844108" elapsed="3.447563"/>
</kw>
<status status="PASS" start="2025-08-27T14:21:18.843787" elapsed="3.448196"/>
</kw>
<doc>Testes da funcionalidade de inventário de produtos</doc>
<status status="PASS" start="2025-08-27T14:20:50.930650" elapsed="31.361444"/>
</suite>
<statistics>
<total>
<stat pass="1" fail="0" skip="0">All Tests</stat>
</total>
<tag>
<stat pass="1" fail="0" skip="0">cart</stat>
<stat pass="1" fail="0" skip="0">regression</stat>
</tag>
<suite>
<stat name="Inventory" id="s1" pass="1" fail="0" skip="0">Inventory</stat>
</suite>
</statistics>
<errors>
</errors>
</robot>
